Thu Jul 28 2016 13:37:10 GMT-0400 (EDT): GET /about
Thu Jul 28 2016 13:37:11 GMT-0400 (EDT): GET /favicon.ico
Thu Jul 28 2016 13:42:16 GMT-0400 (EDT): GET /about
Thu Jul 28 2016 13:42:21 GMT-0400 (EDT): GET /
Thu Jul 28 2016 13:43:41 GMT-0400 (EDT): GET /help.html
Thu Jul 28 2016 13:43:46 GMT-0400 (EDT): GET /
Thu Jul 28 2016 13:46:17 GMT-0400 (EDT): GET /
Thu Jul 28 2016 13:46:42 GMT-0400 (EDT): GET /
Thu Jul 28 2016 13:46:45 GMT-0400 (EDT): GET /about
Thu Feb 15 2018 15:43:44 GMT+0600 (+06): GET /
Thu Feb 15 2018 15:43:44 GMT+0600 (+06): GET /robots.txt
Thu Feb 15 2018 15:43:45 GMT+0600 (+06): GET /favicon.ico
Thu Feb 15 2018 15:43:47 GMT+0600 (+06): GET /about
Thu Feb 15 2018 15:43:48 GMT+0600 (+06): GET /
Thu Feb 15 2018 15:43:50 GMT+0600 (+06): GET /about
Thu Feb 15 2018 15:43:51 GMT+0600 (+06): GET /
Thu Feb 15 2018 15:43:52 GMT+0600 (+06): GET /about
Thu Feb 15 2018 16:30:11 GMT+0600 (+06): GET /
Thu Feb 15 2018 16:30:13 GMT+0600 (+06): GET /projects
Thu Feb 15 2018 16:30:16 GMT+0600 (+06): GET /projects
Thu Feb 15 2018 16:30:16 GMT+0600 (+06): GET /about
Thu Feb 15 2018 16:30:17 GMT+0600 (+06): GET /
